<?xml version="1.0" encoding="UTF-8"?>
<testsuite xmlns:xsi="http://www.w3.org/2001/XMLSchema-instance" xsi:noNamespaceSchemaLocation="https://maven.apache.org/surefire/maven-surefire-plugin/xsd/surefire-test-report-3.0.xsd" version="3.0" name="tacos.HomeControllerTest" time="1.081" tests="1" errors="0" skipped="0" failures="0">
  <properties>
[...]
</properties>
  <testcase name="testHomePage" classname="tacos.HomeControllerTest" time="0.397">
    <system-out><![CDATA[2023-05-21T18:11:39.315+06:00  INFO 76005 --- [           main] t.c.s.AnnotationConfigContextLoaderUtils : Could not detect default configuration classes for test class [tacos.HomeControllerTest]: HomeControllerTest does not declare any static, non-private, non-final, nested classes annotated with @Configuration.
2023-05-21T18:11:39.337+06:00  INFO 76005 --- [           main] .b.t.c.SpringBootTestContextBootstrapper : Found @SpringBootConfiguration tacos.TacoCloudApplication for test class tacos.HomeControllerTest

  .   ____          _            __ _ _
 /\\ / ___'_ __ _ _(_)_ __  __ _ \ \ \ \
( ( )\___ | '_ | '_| | '_ \/ _` | \ \ \ \
 \\/  ___)| |_)| | | | | || (_| |  ) ) ) )
  '  |____| .__|_| |_|_| |_\__, | / / / /
 =========|_|==============|___/=/_/_/_/
 :: Spring Boot ::                (v3.1.0)

2023-05-21T18:11:39.432+06:00  INFO 76005 --- [           main] tacos.HomeControllerTest                 : Starting HomeControllerTest using Java 17.0.1 with PID 76005 (started by rustemaisariyev in /Users/rustemaisariyev/eclipse-workspace/taco-cloud)
2023-05-21T18:11:39.433+06:00  INFO 76005 --- [           main] tacos.HomeControllerTest                 : No active profile set, falling back to 1 default profile: "default"
2023-05-21T18:11:39.950+06:00  INFO 76005 --- [           main] o.s.b.t.m.w.SpringBootMockServletContext : Initializing Spring TestDispatcherServlet ''
2023-05-21T18:11:39.952+06:00  INFO 76005 --- [           main] o.s.t.web.servlet.TestDispatcherServlet  : Initializing Servlet ''
2023-05-21T18:11:39.959+06:00  INFO 76005 --- [           main] o.s.t.web.servlet.TestDispatcherServlet  : Completed initialization in 2 ms
2023-05-21T18:11:39.972+06:00  INFO 76005 --- [           main] tacos.HomeControllerTest                 : Started HomeControllerTest in 0.63 seconds (process running for 5.479)
]]></system-out>
  </testcase>
</testsuite>